<?xml version="1.0" encoding="UTF-8"?>
<testsuite xmlns:xsi="http://www.w3.org/2001/XMLSchema-instance" xsi:noNamespaceSchemaLocation="https://maven.apache.org/surefire/maven-surefire-plugin/xsd/surefire-test-report-3.0.xsd" version="3.0" name="testRunners.OrderTest" time="0.057" tests="3" errors="0" skipped="0" failures="0">
  <properties>
[...]
</properties>
  <testcase name="check previous order details" classname="Amazon Order Page" time="0.022">
    <system-out><![CDATA[
Scenario: check previous order details                       &amp#27;[90m# src/test/resources/appsFeature/Order.feature:13&amp#27;[0m
  &amp#27;[32mGiven &amp#27;[0m&amp#27;[32ma registered user exisrts and user is on Amazon page&amp#27;[0m &amp#27;[90m# stepDefinations.OrderSteps.a_registered_user_exisrts_and_user_is_on_amazon_page()&amp#27;[0m
  &amp#27;[32mWhen &amp#27;[0m&amp#27;[32muser enters username&amp#27;[0m                                  &amp#27;[90m# stepDefinations.OrderSteps.user_enters_username()&amp#27;[0m
  &amp#27;[32mAnd &amp#27;[0m&amp#27;[32muser enters password&amp#27;[0m                                   &amp#27;[90m# stepDefinations.OrderSteps.user_enters_password()&amp#27;[0m
  &amp#27;[32mAnd &amp#27;[0m&amp#27;[32muser clickes on login button&amp#27;[0m                           &amp#27;[90m# stepDefinations.OrderSteps.user_clickes_on_login_button()&amp#27;[0m
  &amp#27;[32mThen &amp#27;[0m&amp#27;[32muser navigates to order page&amp#27;[0m                          &amp#27;[90m# stepDefinations.OrderSteps.user_navigates_to_order_page()&amp#27;[0m
  &amp#27;[32mWhen &amp#27;[0m&amp#27;[32muser clicks on order link&amp#27;[0m                             &amp#27;[90m# stepDefinations.OrderSteps.user_clicks_on_order_link()&amp#27;[0m
  &amp#27;[32mThen &amp#27;[0m&amp#27;[32muser checks the previous order details&amp#27;[0m                &amp#27;[90m# stepDefinations.OrderSteps.user_checks_the_previous_order_details()&amp#27;[0m
]]></system-out>
  </testcase>
  <testcase name="check open order details" classname="Amazon Order Page" time="0.015">
    <system-out><![CDATA[
Scenario: check open order details                           &amp#27;[90m# src/test/resources/appsFeature/Order.feature:17&amp#27;[0m
  &amp#27;[32mGiven &amp#27;[0m&amp#27;[32ma registered user exisrts and user is on Amazon page&amp#27;[0m &amp#27;[90m# stepDefinations.OrderSteps.a_registered_user_exisrts_and_user_is_on_amazon_page()&amp#27;[0m
  &amp#27;[32mWhen &amp#27;[0m&amp#27;[32muser enters username&amp#27;[0m                                  &amp#27;[90m# stepDefinations.OrderSteps.user_enters_username()&amp#27;[0m
  &amp#27;[32mAnd &amp#27;[0m&amp#27;[32muser enters password&amp#27;[0m                                   &amp#27;[90m# stepDefinations.OrderSteps.user_enters_password()&amp#27;[0m
  &amp#27;[32mAnd &amp#27;[0m&amp#27;[32muser clickes on login button&amp#27;[0m                           &amp#27;[90m# stepDefinations.OrderSteps.user_clickes_on_login_button()&amp#27;[0m
  &amp#27;[32mThen &amp#27;[0m&amp#27;[32muser navigates to order page&amp#27;[0m                          &amp#27;[90m# stepDefinations.OrderSteps.user_navigates_to_order_page()&amp#27;[0m
  &amp#27;[32mWhen &amp#27;[0m&amp#27;[32muser clicks on open orders link&amp#27;[0m                       &amp#27;[90m# stepDefinations.OrderSteps.user_clicks_on_open_orders_link()&amp#27;[0m
  &amp#27;[32mThen &amp#27;[0m&amp#27;[32muser checks open roder details&amp#27;[0m                        &amp#27;[90m# stepDefinations.OrderSteps.user_checks_open_roder_details()&amp#27;[0m
]]></system-out>
  </testcase>
  <testcase name="check cancelled order details" classname="Amazon Order Page" time="0.016">
    <system-out><![CDATA[
Scenario: check cancelled order details                      &amp#27;[90m# src/test/resources/appsFeature/Order.feature:21&amp#27;[0m
  &amp#27;[32mGiven &amp#27;[0m&amp#27;[32ma registered user exisrts and user is on Amazon page&amp#27;[0m &amp#27;[90m# stepDefinations.OrderSteps.a_registered_user_exisrts_and_user_is_on_amazon_page()&amp#27;[0m
  &amp#27;[32mWhen &amp#27;[0m&amp#27;[32muser enters username&amp#27;[0m                                  &amp#27;[90m# stepDefinations.OrderSteps.user_enters_username()&amp#27;[0m
  &amp#27;[32mAnd &amp#27;[0m&amp#27;[32muser enters password&amp#27;[0m                                   &amp#27;[90m# stepDefinations.OrderSteps.user_enters_password()&amp#27;[0m
  &amp#27;[32mAnd &amp#27;[0m&amp#27;[32muser clickes on login button&amp#27;[0m                           &amp#27;[90m# stepDefinations.OrderSteps.user_clickes_on_login_button()&amp#27;[0m
  &amp#27;[32mThen &amp#27;[0m&amp#27;[32muser navigates to order page&amp#27;[0m                          &amp#27;[90m# stepDefinations.OrderSteps.user_navigates_to_order_page()&amp#27;[0m
  &amp#27;[32mWhen &amp#27;[0m&amp#27;[32muser clicks on cancelled orders link&amp#27;[0m                  &amp#27;[90m# stepDefinations.OrderSteps.user_clicks_on_cancelled_orders_link()&amp#27;[0m
  &amp#27;[32mThen &amp#27;[0m&amp#27;[32mchecks the cancelled order details&amp#27;[0m                    &amp#27;[90m# stepDefinations.OrderSteps.checks_the_cancelled_order_details()&amp#27;[0m
]]></system-out>
  </testcase>
</testsuite>