<?xml version="1.0" encoding="UTF-8"?>
<testsuite xmlns:xsi="http://www.w3.org/2001/XMLSchema-instance" xsi:noNamespaceSchemaLocation="https://maven.apache.org/surefire/maven-surefire-plugin/xsd/surefire-test-report-3.0.xsd" version="3.0" name="testRunners.LoginTest" time="0.05" tests="3" errors="0" skipped="0" failures="0">
  <properties>
[...]
</properties>
  <testcase name="Login failed - possible combinations #1" classname="Login Freature" time="0.017">
    <system-out><![CDATA[
Scenario Outline: Login failed - possible combinations   &amp#27;[90m# src/test/resources/appsFeature/Login.feature:14&amp#27;[0m
  &amp#27;[32mGiven &amp#27;[0m&amp#27;[32muser is on Application landing page&amp#27;[0m              &amp#27;[90m# stepDefinations.LoginSteps.user_is_on_application_landing_page()&amp#27;[0m
  &amp#27;[32mWhen &amp#27;[0m&amp#27;[32muser click on the Sign In button&amp#27;[0m                  &amp#27;[90m# stepDefinations.LoginSteps.user_click_on_the_sign_in_button()&amp#27;[0m
  &amp#27;[32mThen &amp#27;[0m&amp#27;[32muser is displayed login screen&amp#27;[0m                    &amp#27;[90m# stepDefinations.LoginSteps.user_is_displayed_login_screen()&amp#27;[0m
  &amp#27;[32mWhen &amp#27;[0m&amp#27;[32muser enters &amp#27;[0m&amp#27;[32m&amp#27;[1m"incorrectuserName"&amp#27;[0m&amp#27;[32m is username field&amp#27;[0m &amp#27;[90m# stepDefinations.LoginSteps.user_enters_is_username_field(java.lang.String)&amp#27;[0m
  &amp#27;[32mAnd &amp#27;[0m&amp#27;[32muser enters &amp#27;[0m&amp#27;[32m&amp#27;[1m"12345"&amp#27;[0m&amp#27;[32m in password field&amp#27;[0m              &amp#27;[90m# stepDefinations.LoginSteps.user_enters_in_password_field(java.lang.String)&amp#27;[0m
  &amp#27;[32mAnd &amp#27;[0m&amp#27;[32muser clicks Sign In button&amp#27;[0m                         &amp#27;[90m# stepDefinations.LoginSteps.user_clicks_sign_in_button()&amp#27;[0m
  &amp#27;[32mThen &amp#27;[0m&amp#27;[32muser gets login failed error message&amp#27;[0m              &amp#27;[90m# stepDefinations.LoginSteps.user_gets_login_failed_error_message()&amp#27;[0m
]]></system-out>
  </testcase>
  <testcase name="Login failed - possible combinations #2" classname="Login Freature" time="0.013">
    <system-out><![CDATA[
Scenario Outline: Login failed - possible combinations  &amp#27;[90m# src/test/resources/appsFeature/Login.feature:15&amp#27;[0m
  &amp#27;[32mGiven &amp#27;[0m&amp#27;[32muser is on Application landing page&amp#27;[0m             &amp#27;[90m# stepDefinations.LoginSteps.user_is_on_application_landing_page()&amp#27;[0m
  &amp#27;[32mWhen &amp#27;[0m&amp#27;[32muser click on the Sign In button&amp#27;[0m                 &amp#27;[90m# stepDefinations.LoginSteps.user_click_on_the_sign_in_button()&amp#27;[0m
  &amp#27;[32mThen &amp#27;[0m&amp#27;[32muser is displayed login screen&amp#27;[0m                   &amp#27;[90m# stepDefinations.LoginSteps.user_is_displayed_login_screen()&amp#27;[0m
  &amp#27;[32mWhen &amp#27;[0m&amp#27;[32muser enters &amp#27;[0m&amp#27;[32m&amp#27;[1m"correctuserName"&amp#27;[0m&amp#27;[32m is username field&amp#27;[0m  &amp#27;[90m# stepDefinations.LoginSteps.user_enters_is_username_field(java.lang.String)&amp#27;[0m
  &amp#27;[32mAnd &amp#27;[0m&amp#27;[32muser enters &amp#27;[0m&amp#27;[32m&amp#27;[1m"incorrectPassword"&amp#27;[0m&amp#27;[32m in password field&amp#27;[0m &amp#27;[90m# stepDefinations.LoginSteps.user_enters_in_password_field(java.lang.String)&amp#27;[0m
  &amp#27;[32mAnd &amp#27;[0m&amp#27;[32muser clicks Sign In button&amp#27;[0m                        &amp#27;[90m# stepDefinations.LoginSteps.user_clicks_sign_in_button()&amp#27;[0m
  &amp#27;[32mThen &amp#27;[0m&amp#27;[32muser gets login failed error message&amp#27;[0m             &amp#27;[90m# stepDefinations.LoginSteps.user_gets_login_failed_error_message()&amp#27;[0m
]]></system-out>
  </testcase>
  <testcase name="Login failed - possible combinations #3" classname="Login Freature" time="0.014">
    <system-out><![CDATA[
Scenario Outline: Login failed - possible combinations   &amp#27;[90m# src/test/resources/appsFeature/Login.feature:16&amp#27;[0m
  &amp#27;[32mGiven &amp#27;[0m&amp#27;[32muser is on Application landing page&amp#27;[0m              &amp#27;[90m# stepDefinations.LoginSteps.user_is_on_application_landing_page()&amp#27;[0m
  &amp#27;[32mWhen &amp#27;[0m&amp#27;[32muser click on the Sign In button&amp#27;[0m                  &amp#27;[90m# stepDefinations.LoginSteps.user_click_on_the_sign_in_button()&amp#27;[0m
  &amp#27;[32mThen &amp#27;[0m&amp#27;[32muser is displayed login screen&amp#27;[0m                    &amp#27;[90m# stepDefinations.LoginSteps.user_is_displayed_login_screen()&amp#27;[0m
  &amp#27;[32mWhen &amp#27;[0m&amp#27;[32muser enters &amp#27;[0m&amp#27;[32m&amp#27;[1m"incorrectUsername"&amp#27;[0m&amp#27;[32m is username field&amp#27;[0m &amp#27;[90m# stepDefinations.LoginSteps.user_enters_is_username_field(java.lang.String)&amp#27;[0m
  &amp#27;[32mAnd &amp#27;[0m&amp#27;[32muser enters &amp#27;[0m&amp#27;[32m&amp#27;[1m"incorrectPassword"&amp#27;[0m&amp#27;[32m in password field&amp#27;[0m  &amp#27;[90m# stepDefinations.LoginSteps.user_enters_in_password_field(java.lang.String)&amp#27;[0m
  &amp#27;[32mAnd &amp#27;[0m&amp#27;[32muser clicks Sign In button&amp#27;[0m                         &amp#27;[90m# stepDefinations.LoginSteps.user_clicks_sign_in_button()&amp#27;[0m
  &amp#27;[32mThen &amp#27;[0m&amp#27;[32muser gets login failed error message&amp#27;[0m              &amp#27;[90m# stepDefinations.LoginSteps.user_gets_login_failed_error_message()&amp#27;[0m
]]></system-out>
  </testcase>
</testsuite>