<?xml version="1.0" encoding="UTF-8"?>
<testsuite xmlns:xsi="http://www.w3.org/2001/XMLSchema-instance" xsi:noNamespaceSchemaLocation="https://maven.apache.org/surefire/maven-surefire-plugin/xsd/surefire-test-report-3.0.xsd" version="3.0" name="testRunners.UberTest" time="0.062" tests="3" errors="0" skipped="0" failures="0">
  <properties>
[...]
</properties>
  <testcase name="Booking Cab sadan" classname="Uber Booking Feature" time="0.02">
    <system-out><![CDATA[
Scenario: Booking Cab sadan                                                          &amp#27;[90m# src/test/resources/appsFeature/Uber.feature:4&amp#27;[0m
Step 1sedan
  &amp#27;[32mGiven &amp#27;[0m&amp#27;[32mUser wnats to select a car type &amp#27;[0m&amp#27;[32m&amp#27;[1m"sedan"&amp#27;[0m&amp#27;[32m from uber app&amp#27;[0m                        &amp#27;[90m# stepDefinations.UberBookingSteps.user_wnats_to_select_a_car_type_from_uber_app(java.lang.String)&amp#27;[0m
Step 2:: saden banglore pune
  &amp#27;[32mWhen &amp#27;[0m&amp#27;[32mUser select car &amp#27;[0m&amp#27;[32m&amp#27;[1m"saden"&amp#27;[0m&amp#27;[32m and pick up point &amp#27;[0m&amp#27;[32m&amp#27;[1m"banglore"&amp#27;[0m&amp#27;[32m and drop location &amp#27;[0m&amp#27;[32m&amp#27;[1m"pune"&amp#27;[0m &amp#27;[90m# stepDefinations.UberBookingSteps.user_select_car_and_pick_up_point_and_drop_location(java.lang.String,java.lang.String,java.lang.String)&amp#27;[0m
Step 3: Is following 
  &amp#27;[32mThen &amp#27;[0m&amp#27;[32mDriver starts the journey&amp#27;[0m                                                     &amp#27;[90m# stepDefinations.UberBookingSteps.driver_starts_the_journey()&amp#27;[0m
Step 4: Is following
  &amp#27;[32mAnd &amp#27;[0m&amp#27;[32mDriver ends the journey&amp#27;[0m                                                        &amp#27;[90m# stepDefinations.UberBookingSteps.driver_ends_the_journey()&amp#27;[0m
Step 5: The price is :1000
  &amp#27;[32mThen &amp#27;[0m&amp#27;[32mUser pays &amp#27;[0m&amp#27;[32m&amp#27;[1m1000&amp#27;[0m&amp#27;[32m USD&amp#27;[0m                                                            &amp#27;[90m# stepDefinations.UberBookingSteps.user_pays_usd(java.lang.Integer)&amp#27;[0m
]]></system-out>
  </testcase>
  <testcase name="Booking Cab suv" classname="Uber Booking Feature" time="0.016">
    <system-out><![CDATA[
Scenario: Booking Cab suv                                                            &amp#27;[90m# src/test/resources/appsFeature/Uber.feature:12&amp#27;[0m
Step 1suv
  &amp#27;[32mGiven &amp#27;[0m&amp#27;[32mUser wnats to select a car type &amp#27;[0m&amp#27;[32m&amp#27;[1m"suv"&amp#27;[0m&amp#27;[32m from uber app&amp#27;[0m                          &amp#27;[90m# stepDefinations.UberBookingSteps.user_wnats_to_select_a_car_type_from_uber_app(java.lang.String)&amp#27;[0m
Step 2:: saden banglore pune
  &amp#27;[32mWhen &amp#27;[0m&amp#27;[32mUser select car &amp#27;[0m&amp#27;[32m&amp#27;[1m"saden"&amp#27;[0m&amp#27;[32m and pick up point &amp#27;[0m&amp#27;[32m&amp#27;[1m"banglore"&amp#27;[0m&amp#27;[32m and drop location &amp#27;[0m&amp#27;[32m&amp#27;[1m"pune"&amp#27;[0m &amp#27;[90m# stepDefinations.UberBookingSteps.user_select_car_and_pick_up_point_and_drop_location(java.lang.String,java.lang.String,java.lang.String)&amp#27;[0m
Step 3: Is following 
  &amp#27;[32mThen &amp#27;[0m&amp#27;[32mDriver starts the journey&amp#27;[0m                                                     &amp#27;[90m# stepDefinations.UberBookingSteps.driver_starts_the_journey()&amp#27;[0m
Step 4: Is following
  &amp#27;[32mAnd &amp#27;[0m&amp#27;[32mDriver ends the journey&amp#27;[0m                                                        &amp#27;[90m# stepDefinations.UberBookingSteps.driver_ends_the_journey()&amp#27;[0m
Step 5: The price is :1000
  &amp#27;[32mThen &amp#27;[0m&amp#27;[32mUser pays &amp#27;[0m&amp#27;[32m&amp#27;[1m1000&amp#27;[0m&amp#27;[32m USD&amp#27;[0m                                                            &amp#27;[90m# stepDefinations.UberBookingSteps.user_pays_usd(java.lang.Integer)&amp#27;[0m
]]></system-out>
  </testcase>
  <testcase name="Booking Cab mini" classname="Uber Booking Feature" time="0.016">
    <system-out><![CDATA[
Scenario: Booking Cab mini                                                           &amp#27;[90m# src/test/resources/appsFeature/Uber.feature:20&amp#27;[0m
Step 1mini
  &amp#27;[32mGiven &amp#27;[0m&amp#27;[32mUser wnats to select a car type &amp#27;[0m&amp#27;[32m&amp#27;[1m"mini"&amp#27;[0m&amp#27;[32m from uber app&amp#27;[0m                         &amp#27;[90m# stepDefinations.UberBookingSteps.user_wnats_to_select_a_car_type_from_uber_app(java.lang.String)&amp#27;[0m
Step 2:: saden banglore pune
  &amp#27;[32mWhen &amp#27;[0m&amp#27;[32mUser select car &amp#27;[0m&amp#27;[32m&amp#27;[1m"saden"&amp#27;[0m&amp#27;[32m and pick up point &amp#27;[0m&amp#27;[32m&amp#27;[1m"banglore"&amp#27;[0m&amp#27;[32m and drop location &amp#27;[0m&amp#27;[32m&amp#27;[1m"pune"&amp#27;[0m &amp#27;[90m# stepDefinations.UberBookingSteps.user_select_car_and_pick_up_point_and_drop_location(java.lang.String,java.lang.String,java.lang.String)&amp#27;[0m
Step 3: Is following 
  &amp#27;[32mThen &amp#27;[0m&amp#27;[32mDriver starts the journey&amp#27;[0m                                                     &amp#27;[90m# stepDefinations.UberBookingSteps.driver_starts_the_journey()&amp#27;[0m
Step 4: Is following
  &amp#27;[32mAnd &amp#27;[0m&amp#27;[32mDriver ends the journey&amp#27;[0m                                                        &amp#27;[90m# stepDefinations.UberBookingSteps.driver_ends_the_journey()&amp#27;[0m
Step 5: The price is :1000
  &amp#27;[32mThen &amp#27;[0m&amp#27;[32mUser pays &amp#27;[0m&amp#27;[32m&amp#27;[1m1000&amp#27;[0m&amp#27;[32m USD&amp#27;[0m                                                            &amp#27;[90m# stepDefinations.UberBookingSteps.user_pays_usd(java.lang.Integer)&amp#27;[0m
]]></system-out>
  </testcase>
</testsuite>