<?xml version="1.0" encoding="UTF-8"?>
<testsuite xmlns:xsi="http://www.w3.org/2001/XMLSchema-instance" xsi:noNamespaceSchemaLocation="https://maven.apache.org/surefire/maven-surefire-plugin/xsd/surefire-test-report-3.0.xsd" version="3.0" name="testRunners.RegistrationTest" time="2.232" tests="1" errors="0" skipped="0" failures="0">
  <properties>
[...]
</properties>
  <testcase name="user registration with different data" classname="User Registration" time="0.113">
    <system-out><![CDATA[User navigate on registration page
[Akmal, Gossain, akmalcode@hotmail.com, 762-217-9223]
[Bazee, Oossain, akmalcode@hotmail.com, 762-217-9223]
[Camze, Lossain, akmalcode@hotmail.com, 762-217-9223]

Scenario: user registration with different data     &amp#27;[90m# src/test/resources/appsFeature/Registration.feature:3&amp#27;[0m
  &amp#27;[32mGiven &amp#27;[0m&amp#27;[32muser is on registration page&amp#27;[0m                &amp#27;[90m# stepDefinations.UserRegistrationSteps.user_is_on_registration_page()&amp#27;[0m
]]></system-out>
  </testcase>
</testsuite>