<?xml version="1.0" encoding="UTF-8"?>
<testsuite xmlns:xsi="http://www.w3.org/2001/XMLSchema-instance" xsi:noNamespaceSchemaLocation="https://maven.apache.org/surefire/maven-surefire-plugin/xsd/surefire-test-report-3.0.xsd" version="3.0" name="testRunners.UberTest" time="0.008" tests="2" errors="0" skipped="0" failures="0">
  <properties>
[...]
</properties>
  <testcase name="Booking Cab sadan" classname="Uber Booking Feature" time="0">
    <system-out><![CDATA[Step 1sedan
Step 2:: saden banglore pune
Step 3 
Step 4
Step 5::1000
]]></system-out>
  </testcase>
  <testcase name="Booking Cab suv" classname="Uber Booking Feature" time="0.002">
    <system-out><![CDATA[Step 1suv
Step 2:: saden banglore pune
Step 3 
Step 4
Step 5::1000
]]></system-out>
  </testcase>
</testsuite>