<?xml version="1.0" encoding="UTF-8"?>
<testsuite xmlns:xsi="http://www.w3.org/2001/XMLSchema-instance" xsi:noNamespaceSchemaLocation="https://maven.apache.org/surefire/maven-surefire-plugin/xsd/surefire-test-report-3.0.xsd" version="3.0" name="testRunners.AmazonTest" time="0.026" tests="2" errors="0" skipped="0" failures="0">
  <properties>
[...]
</properties>
  <testcase name="Amazon search products #1" classname="Amazon searching" time="0.007">
    <system-out><![CDATA[
Scenario: Amazon search products                                 &amp#27;[90m# src/test/resources/appsFeature/Search.feature:3&amp#27;[0m
Step 1: Launching URL
  &amp#27;[32mGiven &amp#27;[0m&amp#27;[32mI want to write a step with search on Amazon page&amp#27;[0m        &amp#27;[90m# stepDefinations.SearchSteps.i_want_to_write_a_step_with_search_on_amazon_page()&amp#27;[0m
Step 2: ProductName: Apple phonePrice1200
  &amp#27;[32mWhen &amp#27;[0m&amp#27;[32mI search for product with &amp#27;[0m&amp#27;[32m&amp#27;[1m"Apple phone"&amp#27;[0m&amp#27;[32m and price is &amp#27;[0m&amp#27;[32m&amp#27;[1m1200&amp#27;[0m &amp#27;[90m# stepDefinations.SearchSteps.i_search_for_product_with_and_price_is(java.lang.String,java.lang.Integer)&amp#27;[0m
Step 3: ProductName:Apple phone
Searched product namenull
  &amp#27;[32mThen &amp#27;[0m&amp#27;[32mproduct with name &amp#27;[0m&amp#27;[32m&amp#27;[1m"Apple phone"&amp#27;[0m&amp#27;[32m should displayed&amp#27;[0m          &amp#27;[90m# stepDefinations.SearchSteps.product_with_name_should_displayed(java.lang.String)&amp#27;[0m
  &amp#27;[32mThen &amp#27;[0m&amp#27;[32mOrder is is &amp#27;[0m&amp#27;[32m&amp#27;[1m123456&amp#27;[0m&amp#27;[32m and user name is &amp#27;[0m&amp#27;[32m&amp#27;[1m"Akmal"&amp#27;[0m               &amp#27;[90m# stepDefinations.SearchSteps.order_is_is_and_user_name_is(java.lang.Integer,java.lang.String)&amp#27;[0m
]]></system-out>
  </testcase>
  <testcase name="Amazon search products #2" classname="Amazon searching" time="0.011">
    <system-out><![CDATA[
Scenario: Amazon search products                               &amp#27;[90m# src/test/resources/appsFeature/Search.feature:9&amp#27;[0m
Step 1: Launching URL
  &amp#27;[32mGiven &amp#27;[0m&amp#27;[32mI want to write a step with search on Amazon page&amp#27;[0m      &amp#27;[90m# stepDefinations.SearchSteps.i_want_to_write_a_step_with_search_on_amazon_page()&amp#27;[0m
Step 2: ProductName: Apple MacPrice2100
  &amp#27;[32mWhen &amp#27;[0m&amp#27;[32mI search for product with &amp#27;[0m&amp#27;[32m&amp#27;[1m"Apple Mac"&amp#27;[0m&amp#27;[32m and price is &amp#27;[0m&amp#27;[32m&amp#27;[1m2100&amp#27;[0m &amp#27;[90m# stepDefinations.SearchSteps.i_search_for_product_with_and_price_is(java.lang.String,java.lang.Integer)&amp#27;[0m
Step 3: ProductName:Apple Mac
Searched product nameApple Mac
  &amp#27;[32mThen &amp#27;[0m&amp#27;[32mproduct with name &amp#27;[0m&amp#27;[32m&amp#27;[1m"Apple Mac"&amp#27;[0m&amp#27;[32m should displayed&amp#27;[0m          &amp#27;[90m# stepDefinations.SearchSteps.product_with_name_should_displayed(java.lang.String)&amp#27;[0m
  &amp#27;[32mThen &amp#27;[0m&amp#27;[32mOrder is is &amp#27;[0m&amp#27;[32m&amp#27;[1m67890&amp#27;[0m&amp#27;[32m and user name is &amp#27;[0m&amp#27;[32m&amp#27;[1m"Akmal"&amp#27;[0m              &amp#27;[90m# stepDefinations.SearchSteps.order_is_is_and_user_name_is(java.lang.Integer,java.lang.String)&amp#27;[0m
]]></system-out>
  </testcase>
</testsuite>