<?xml version="1.0" encoding="UTF-8"?>
<testsuite xmlns:xsi="http://www.w3.org/2001/XMLSchema-instance" xsi:noNamespaceSchemaLocation="https://maven.apache.org/surefire/maven-surefire-plugin/xsd/surefire-test-report-3.0.xsd" version="3.0" name="testRunners.RegistrationTest" time="2.837" tests="2" errors="0" skipped="0" failures="0">
  <properties>
[...]
</properties>
  <testcase name="user registration with different data" classname="User Registration" time="0.137">
    <system-out><![CDATA[
Scenario: user registration with different data     &amp#27;[90m# src/test/resources/appsFeature/Registration.feature:3&amp#27;[0m
User navigate on registration page
  &amp#27;[32mGiven &amp#27;[0m&amp#27;[32muser is on registration page&amp#27;[0m                &amp#27;[90m# stepDefinations.UserRegistrationSteps.user_is_on_registration_page()&amp#27;[0m
[Akmal, Hossain, akmalcode@hotmail.com, 762-217-9223]
[Bazee, Oossain, akmalcode@hotmail.com, 762-217-9223]
[Camze, Lossain, akmalcode@hotmail.com, 762-217-9223]
  &amp#27;[32mWhen &amp#27;[0m&amp#27;[32mueser enters following user details&amp#27;[0m          &amp#27;[90m# stepDefinations.UserRegistrationSteps.ueser_enters_following_user_details(io.cucumber.datatable.DataTable)&amp#27;[0m
    | Akmal | Hossain | akmalcode@hotmail.com | 762-217-9223 |
    | Bazee | Oossain | akmalcode@hotmail.com | 762-217-9223 |
    | Camze | Lossain | akmalcode@hotmail.com | 762-217-9223 |
  &amp#27;[32mThen &amp#27;[0m&amp#27;[32muser registration should be successful login&amp#27;[0m &amp#27;[90m# stepDefinations.UserRegistrationSteps.user_registration_should_be_successful_login()&amp#27;[0m
]]></system-out>
  </testcase>
  <testcase name="user registration with different data with row and column" classname="User Registration" time="0.024">
    <system-out><![CDATA[
Scenario: user registration with different data with row and column &amp#27;[90m# src/test/resources/appsFeature/Registration.feature:11&amp#27;[0m
User navigate on registration page
  &amp#27;[32mGiven &amp#27;[0m&amp#27;[32muser is on registration page&amp#27;[0m                                &amp#27;[90m# stepDefinations.UserRegistrationSteps.user_is_on_registration_page()&amp#27;[0m
[{firstName=Akmal, lastName=Gossain, eMail=max@hotmail.com, phoneNumber=762-217-9223, cityName=georgia}, {firstName=Naveen, lastName=Oossain, eMail=naveen@hotmail.com, phoneNumber=762-217-9223, cityName=lawrenceville}, {firstName=Pretom, lastName=Lossain, eMail=pretom@hotmail.com, phoneNumber=762-217-9223, cityName=cumming}, {firstName=Areyan, lastName=Hossain, eMail=areyan@gmail.com, phoneNumber=999-888-7777, cityName=lawrenceville}]
Akmal
Akmal
Gossain
max@hotmail.com
762-217-9223
georgia
Naveen
Oossain
naveen@hotmail.com
762-217-9223
lawrenceville
Pretom
Lossain
pretom@hotmail.com
762-217-9223
cumming
Areyan
Hossain
areyan@gmail.com
999-888-7777
lawrenceville
  &amp#27;[32mWhen &amp#27;[0m&amp#27;[32muser enters following user details with row and column&amp#27;[0m       &amp#27;[90m# stepDefinations.UserRegistrationSteps.user_enters_following_user_details_with_row_and_column(io.cucumber.datatable.DataTable)&amp#27;[0m
    | firstName | lastName | eMail              | phoneNumber  | cityName      |
    | Akmal     | Gossain  | max@hotmail.com    | 762-217-9223 | georgia       |
    | Naveen    | Oossain  | naveen@hotmail.com | 762-217-9223 | lawrenceville |
    | Pretom    | Lossain  | pretom@hotmail.com | 762-217-9223 | cumming       |
    | Areyan    | Hossain  | areyan@gmail.com   | 999-888-7777 | lawrenceville |
  &amp#27;[32mThen &amp#27;[0m&amp#27;[32muser registration should be successful login&amp#27;[0m                 &amp#27;[90m# stepDefinations.UserRegistrationSteps.user_registration_should_be_successful_login()&amp#27;[0m
]]></system-out>
  </testcase>
</testsuite>